#
# There is insufficient memory for the Java Runtime Environment to continue.
# Native memory allocation (malloc) failed to allocate 1861936 bytes for Chunk::new
# Possible reasons:
#   The system is out of physical RAM or swap space
#   In 32 bit mode, the process size limit was hit
# Possible solutions:
#   Reduce memory load on the system
#   Increase physical memory or swap space
#   Check if swap backing store is full
#   Use 64 bit Java on a 64 bit OS
#   Decrease Java heap size (-Xmx/-Xms)
#   Decrease number of Java threads
#   Decrease Java thread stack sizes (-Xss)
#   Set larger code cache with -XX:ReservedCodeCacheSize=
# This output file may be truncated or incomplete.
#
#  Out of Memory Error (allocation.cpp:323), pid=4840, tid=5748
#
# JRE version: Java(TM) SE Runtime Environment (7.0_79-b15) (build 1.7.0_79-b15)
# Java VM: Java HotSpot(TM) 64-Bit Server VM (24.79-b02 mixed mode windows-amd64 compressed oops)
# Failed to write core dump. Minidumps are not enabled by default on client versions of Windows
#

---------------  T H R E A D  ---------------

Current thread (0x0000000008fa9000):  JavaThread "C2 CompilerThread1" daemon [_thread_in_native, id=5748, stack(0x000000000a600000,0x000000000a700000)]

Stack: [0x000000000a600000,0x000000000a700000]
[error occurred during error reporting (printing stack bounds), id 0xc0000005]


Current CompileTask:
C2:1449056 1597             org.codehaus.groovy.control.ResolveVisitor::resolveFromModule (566 bytes)


---------------  P R O C E S S  ---------------

Java Threads: ( => current thread )
  0x0000000008fac800 JavaThread "Stdin handler" [_thread_blocked, id=1900, stack(0x000000000cdf0000,0x000000000cef0000)]
  0x0000000008fac000 JavaThread "Daemon worker Thread 4" [_thread_in_native, id=6644, stack(0x000000000ccf0000,0x000000000cdf0000)]
  0x0000000008fa8000 JavaThread "Cancel handler" [_thread_blocked, id=2596, stack(0x000000000cbf0000,0x000000000ccf0000)]
  0x0000000008fab000 JavaThread "Handler for socket connection from /127.0.0.1:54878 to /127.0.0.1:56879" [_thread_in_native, id=612, stack(0x000000000caf0000,0x000000000cbf0000)]
  0x0000000008faa800 JavaThread "Daemon Thread 4" [_thread_blocked, id=5088, stack(0x000000000c9f0000,0x000000000caf0000)]
  0x000000000b37f000 JavaThread "File lock request listener" [_thread_in_native, id=6172, stack(0x000000000d0f0000,0x000000000d1f0000)]
  0x000000000b2a0800 JavaThread "Incoming local TCP Connector on port 54878" [_thread_in_native, id=6024, stack(0x000000000ad00000,0x000000000ae00000)]
  0x0000000008fb6800 JavaThread "Service Thread" daemon [_thread_blocked, id=8180, stack(0x000000000a700000,0x000000000a800000)]
=>0x0000000008fa9000 JavaThread "C2 CompilerThread1" daemon [_thread_in_native, id=5748, stack(0x000000000a600000,0x000000000a700000)]
  0x0000000008f9c000 JavaThread "C2 CompilerThread0" daemon [_thread_blocked, id=3512, stack(0x000000000a500000,0x000000000a600000)]
  0x0000000008f9b000 JavaThread "Attach Listener" daemon [_thread_blocked, id=1096, stack(0x000000000a400000,0x000000000a500000)]
  0x0000000008f97800 JavaThread "Signal Dispatcher" daemon [_thread_blocked, id=7388, stack(0x000000000a300000,0x000000000a400000)]
  0x0000000008f60000 JavaThread "Finalizer" daemon [_thread_blocked, id=6544, stack(0x000000000a200000,0x000000000a300000)]
  0x0000000008f56800 JavaThread "Reference Handler" daemon [_thread_blocked, id=5824, stack(0x000000000a100000,0x000000000a200000)]
  0x0000000002940800 JavaThread "main" [_thread_blocked, id=4276, stack(0x0000000002810000,0x0000000002910000)]

Other Threads:
  0x0000000008f50800 VMThread [stack: 0x000000000a000000,0x000000000a100000] [id=3612]
  0x0000000008fc3000 WatcherThread [stack: 0x000000000a800000,0x000000000a900000] [id=5140]

VM state:not at safepoint (normal execution)

VM Mutex/Monitor currently owned by a thread: None

Heap
 PSYoungGen      total 291328K, used 180296K [0x00000000eaa80000, 0x00000000fed00000, 0x0000000100000000)
  eden space 284160K, 63% used [0x00000000eaa80000,0x00000000f5a92380,0x00000000fc000000)
  from space 7168K, 0% used [0x00000000fc000000,0x00000000fc000000,0x00000000fc700000)
  to   space 23040K, 0% used [0x00000000fd680000,0x00000000fd680000,0x00000000fed00000)
 ParOldGen       total 86016K, used 56058K [0x00000000c0000000, 0x00000000c5400000, 0x00000000eaa80000)
  object space 86016K, 65% used [0x00000000c0000000,0x00000000c36be9a0,0x00000000c5400000)
 PSPermGen       total 111104K, used 55060K [0x00000000b0000000, 0x00000000b6c80000, 0x00000000c0000000)
  object space 111104K, 49% used [0x00000000b0000000,0x00000000b35c5128,0x00000000b6c80000)

Card table byte_map: [0x0000000005b00000,0x0000000005d90000] byte_map_base: 0x0000000005580000

Polling page: 0x00000000027f0000

Code Cache  [0x0000000002a40000, 0x0000000003040000, 0x0000000005a40000)
 total_blobs=2123 nmethods=1453 adapters=620 free_code_cache=43138Kb largest_free_block=44089152

Compilation events (10 events):
Event: 1447.417 Thread 0x0000000008f9c000 1594             groovyjarjarantlr.ANTLRStringBuffer::append (92 bytes)
Event: 1447.423 Thread 0x0000000008f9c000 nmethod 1594 0x0000000002fff150 code [0x0000000002fff2a0, 0x0000000002fff518]
Event: 1447.897 Thread 0x0000000008fa9000 1595             groovyjarjarantlr.LLkParser::LA (12 bytes)
Event: 1447.898 Thread 0x0000000008f9c000 1596             groovyjarjarantlr.TokenBuffer::LA (24 bytes)
Event: 1447.898 Thread 0x0000000008fa9000 nmethod 1595 0x0000000002ffed10 code [0x0000000002ffee60, 0x0000000002ffef88]
Event: 1447.899 Thread 0x0000000008f9c000 nmethod 1596 0x0000000002ffe990 code [0x0000000002ffeae0, 0x0000000002ffebc8]
Event: 1447.902 Thread 0x0000000008fa9000 1597             org.codehaus.groovy.control.ResolveVisitor::resolveFromModule (566 bytes)
Event: 1447.928 Thread 0x0000000008f9c000 1598 %           org.codehaus.groovy.control.ResolveVisitor::resolveNestedClass @ 72 (290 bytes)
Event: 1447.994 Thread 0x0000000008f9c000 nmethod 1598% 0x0000000003027e10 code [0x0000000003028100, 0x0000000003029750]
Event: 1447.995 Thread 0x0000000008f9c000 1599             org.codehaus.groovy.control.ResolveVisitor::resolveNestedClass (290 bytes)

GC Heap History (10 events):
Event: 265.061 GC heap before
{Heap before GC invocations=14 (full 1):
 PSYoungGen      total 323072K, used 297472K [0x00000000eaa80000, 0x0000000100000000, 0x0000000100000000)
  eden space 297472K, 100% used [0x00000000eaa80000,0x00000000fcd00000,0x00000000fcd00000)
  from space 25600K, 0% used [0x00000000fe700000,0x00000000fe700000,0x0000000100000000)
  to   space 26112K, 0% used [0x00000000fcd00000,0x00000000fcd00000,0x00000000fe680000)
 ParOldGen       total 86016K, used 58532K [0x00000000c0000000, 0x00000000c5400000, 0x00000000eaa80000)
  object space 86016K, 68% used [0x00000000c0000000,0x00000000c39290f0,0x00000000c5400000)
 PSPermGen       total 95744K, used 49344K [0x00000000b0000000, 0x00000000b5d80000, 0x00000000c0000000)
  object space 95744K, 51% used [0x00000000b0000000,0x00000000b3030398,0x00000000b5d80000)
Event: 265.090 GC heap after
Heap after GC invocations=14 (full 1):
 PSYoungGen      total 294400K, used 10171K [0x00000000eaa80000, 0x00000000ff000000, 0x0000000100000000)
  eden space 284160K, 0% used [0x00000000eaa80000,0x00000000eaa80000,0x00000000fc000000)
  from space 10240K, 99% used [0x00000000fcd00000,0x00000000fd6eed98,0x00000000fd700000)
  to   space 24576K, 0% used [0x00000000fd800000,0x00000000fd800000,0x00000000ff000000)
 ParOldGen       total 86016K, used 58532K [0x00000000c0000000, 0x00000000c5400000, 0x00000000eaa80000)
  object space 86016K, 68% used [0x00000000c0000000,0x00000000c39290f0,0x00000000c5400000)
 PSPermGen       total 95744K, used 49344K [0x00000000b0000000, 0x00000000b5d80000, 0x00000000c0000000)
  object space 95744K, 51% used [0x00000000b0000000,0x00000000b3030398,0x00000000b5d80000)
}
Event: 290.900 GC heap before
{Heap before GC invocations=15 (full 1):
 PSYoungGen      total 294400K, used 109254K [0x00000000eaa80000, 0x00000000ff000000, 0x0000000100000000)
  eden space 284160K, 34% used [0x00000000eaa80000,0x00000000f0b42bd8,0x00000000fc000000)
  from space 10240K, 99% used [0x00000000fcd00000,0x00000000fd6eed98,0x00000000fd700000)
  to   space 24576K, 0% used [0x00000000fd800000,0x00000000fd800000,0x00000000ff000000)
 ParOldGen       total 86016K, used 58532K [0x00000000c0000000, 0x00000000c5400000, 0x00000000eaa80000)
  object space 86016K, 68% used [0x00000000c0000000,0x00000000c39290f0,0x00000000c5400000)
 PSPermGen       total 95744K, used 53662K [0x00000000b0000000, 0x00000000b5d80000, 0x00000000c0000000)
  object space 95744K, 56% used [0x00000000b0000000,0x00000000b3467880,0x00000000b5d80000)
Event: 290.910 GC heap after
Heap after GC invocations=15 (full 1):
 PSYoungGen      total 307712K, used 3944K [0x00000000eaa80000, 0x00000000fef00000, 0x0000000100000000)
  eden space 284160K, 0% used [0x00000000eaa80000,0x00000000eaa80000,0x00000000fc000000)
  from space 23552K, 16% used [0x00000000fd800000,0x00000000fdbda3f8,0x00000000fef00000)
  to   space 24064K, 0% used [0x00000000fc000000,0x00000000fc000000,0x00000000fd780000)
 ParOldGen       total 86016K, used 62222K [0x00000000c0000000, 0x00000000c5400000, 0x00000000eaa80000)
  object space 86016K, 72% used [0x00000000c0000000,0x00000000c3cc3a50,0x00000000c5400000)
 PSPermGen       total 95744K, used 53662K [0x00000000b0000000, 0x00000000b5d80000, 0x00000000c0000000)
  object space 95744K, 56% used [0x00000000b0000000,0x00000000b3467880,0x00000000b5d80000)
}
Event: 290.910 GC heap before
{Heap before GC invocations=16 (full 2):
 PSYoungGen      total 307712K, used 3944K [0x00000000eaa80000, 0x00000000fef00000, 0x0000000100000000)
  eden space 284160K, 0% used [0x00000000eaa80000,0x00000000eaa80000,0x00000000fc000000)
  from space 23552K, 16% used [0x00000000fd800000,0x00000000fdbda3f8,0x00000000fef00000)
  to   space 24064K, 0% used [0x00000000fc000000,0x00000000fc000000,0x00000000fd780000)
 ParOldGen       total 86016K, used 62222K [0x00000000c0000000, 0x00000000c5400000, 0x00000000eaa80000)
  object space 86016K, 72% used [0x00000000c0000000,0x00000000c3cc3a50,0x00000000c5400000)
 PSPermGen       total 95744K, used 53662K [0x00000000b0000000, 0x00000000b5d80000, 0x00000000c0000000)
  object space 95744K, 56% used [0x00000000b0000000,0x00000000b3467880,0x00000000b5d80000)
Event: 291.297 GC heap after
Heap after GC invocations=16 (full 2):
 PSYoungGen      total 307712K, used 0K [0x00000000eaa80000, 0x00000000fef00000, 0x0000000100000000)
  eden space 284160K, 0% used [0x00000000eaa80000,0x00000000eaa80000,0x00000000fc000000)
  from space 23552K, 0% used [0x00000000fd800000,0x00000000fd800000,0x00000000fef00000)
  to   space 24064K, 0% used [0x00000000fc000000,0x00000000fc000000,0x00000000fd780000)
 ParOldGen       total 86016K, used 56760K [0x00000000c0000000, 0x00000000c5400000, 0x00000000eaa80000)
  object space 86016K, 65% used [0x00000000c0000000,0x00000000c376e388,0x00000000c5400000)
 PSPermGen       total 112128K, used 53655K [0x00000000b0000000, 0x00000000b6d80000, 0x00000000c0000000)
  object space 112128K, 47% used [0x00000000b0000000,0x00000000b3465f60,0x00000000b6d80000)
}
Event: 1220.372 GC heap before
{Heap before GC invocations=17 (full 2):
 PSYoungGen      total 307712K, used 190018K [0x00000000eaa80000, 0x00000000fef00000, 0x0000000100000000)
  eden space 284160K, 66% used [0x00000000eaa80000,0x00000000f64108f8,0x00000000fc000000)
  from space 23552K, 0% used [0x00000000fd800000,0x00000000fd800000,0x00000000fef00000)
  to   space 24064K, 0% used [0x00000000fc000000,0x00000000fc000000,0x00000000fd780000)
 ParOldGen       total 86016K, used 56760K [0x00000000c0000000, 0x00000000c5400000, 0x00000000eaa80000)
  object space 86016K, 65% used [0x00000000c0000000,0x00000000c376e388,0x00000000c5400000)
 PSPermGen       total 112128K, used 54536K [0x00000000b0000000, 0x00000000b6d80000, 0x00000000c0000000)
  object space 112128K, 48% used [0x00000000b0000000,0x00000000b35421f0,0x00000000b6d80000)
Event: 1220.385 GC heap after
Heap after GC invocations=17 (full 2):
 PSYoungGen      total 291328K, used 6847K [0x00000000eaa80000, 0x00000000fed00000, 0x0000000100000000)
  eden space 284160K, 0% used [0x00000000eaa80000,0x00000000eaa80000,0x00000000fc000000)
  from space 7168K, 95% used [0x00000000fc000000,0x00000000fc6afc38,0x00000000fc700000)
  to   space 23040K, 0% used [0x00000000fd680000,0x00000000fd680000,0x00000000fed00000)
 ParOldGen       total 86016K, used 56760K [0x00000000c0000000, 0x00000000c5400000, 0x00000000eaa80000)
  object space 86016K, 65% used [0x00000000c0000000,0x00000000c376e388,0x00000000c5400000)
 PSPermGen       total 112128K, used 54536K [0x00000000b0000000, 0x00000000b6d80000, 0x00000000c0000000)
  object space 112128K, 48% used [0x00000000b0000000,0x00000000b35421f0,0x00000000b6d80000)
}
Event: 1220.386 GC heap before
{Heap before GC invocations=18 (full 3):
 PSYoungGen      total 291328K, used 6847K [0x00000000eaa80000, 0x00000000fed00000, 0x0000000100000000)
  eden space 284160K, 0% used [0x00000000eaa80000,0x00000000eaa80000,0x00000000fc000000)
  from space 7168K, 95% used [0x00000000fc000000,0x00000000fc6afc38,0x00000000fc700000)
  to   space 23040K, 0% used [0x00000000fd680000,0x00000000fd680000,0x00000000fed00000)
 ParOldGen       total 86016K, used 56760K [0x00000000c0000000, 0x00000000c5400000, 0x00000000eaa80000)
  object space 86016K, 65% used [0x00000000c0000000,0x00000000c376e388,0x00000000c5400000)
 PSPermGen       total 112128K, used 54536K [0x00000000b0000000, 0x00000000b6d80000, 0x00000000c0000000)
  object space 112128K, 48% used [0x00000000b0000000,0x00000000b35421f0,0x00000000b6d80000)
Event: 1220.841 GC heap after
Heap after GC invocations=18 (full 3):
 PSYoungGen      total 291328K, used 0K [0x00000000eaa80000, 0x00000000fed00000, 0x0000000100000000)
  eden space 284160K, 0% used [0x00000000eaa80000,0x00000000eaa80000,0x00000000fc000000)
  from space 7168K, 0% used [0x00000000fc000000,0x00000000fc000000,0x00000000fc700000)
  to   space 23040K, 0% used [0x00000000fd680000,0x00000000fd680000,0x00000000fed00000)
 ParOldGen       total 86016K, used 56058K [0x00000000c0000000, 0x00000000c5400000, 0x00000000eaa80000)
  object space 86016K, 65% used [0x00000000c0000000,0x00000000c36be9a0,0x00000000c5400000)
 PSPermGen       total 111104K, used 54324K [0x00000000b0000000, 0x00000000b6c80000, 0x00000000c0000000)
  object space 111104K, 48% used [0x00000000b0000000,0x00000000b350d1d8,0x00000000b6c80000)
}

Deoptimization events (10 events):
Event: 1218.021 Thread 0x0000000008fac000 Uncommon trap: reason=bimorphic action=maybe_recompile pc=0x0000000002f9ee7c method=java.util.HashMap.putForCreate(Ljava/lang/Object;Ljava/lang/Object;)V @ 97
Event: 1218.023 Thread 0x0000000008fac000 Uncommon trap: reason=bimorphic action=maybe_recompile pc=0x0000000002f9ee7c method=java.util.HashMap.putForCreate(Ljava/lang/Object;Ljava/lang/Object;)V @ 97
Event: 1218.697 Thread 0x0000000008fac000 Uncommon trap: reason=bimorphic action=maybe_recompile pc=0x0000000002f70acc method=java.util.regex.Pattern$Branch.study(Ljava/util/regex/Pattern$TreeInfo;)Z @ 57
Event: 1218.697 Thread 0x0000000008fac000 Uncommon trap: reason=bimorphic action=maybe_recompile pc=0x0000000002f70acc method=java.util.regex.Pattern$Branch.study(Ljava/util/regex/Pattern$TreeInfo;)Z @ 57
Event: 1218.697 Thread 0x0000000008fac000 Uncommon trap: reason=bimorphic action=maybe_recompile pc=0x0000000002f70acc method=java.util.regex.Pattern$Branch.study(Ljava/util/regex/Pattern$TreeInfo;)Z @ 57
Event: 1218.697 Thread 0x0000000008fac000 Uncommon trap: reason=bimorphic action=maybe_recompile pc=0x0000000002f70acc method=java.util.regex.Pattern$Branch.study(Ljava/util/regex/Pattern$TreeInfo;)Z @ 57
Event: 1220.842 Thread 0x0000000008f56800 Uncommon trap: reason=unreached action=reinterpret pc=0x0000000002d95720 method=java.lang.ref.Reference$ReferenceHandler.run()V @ 74
Event: 1220.854 Thread 0x0000000008fa8000 Uncommon trap: reason=unreached action=reinterpret pc=0x0000000002f79644 method=java.io.ObjectStreamClass.lookup(Ljava/lang/Class;Z)Ljava/io/ObjectStreamClass; @ 93
Event: 1225.884 Thread 0x0000000008fac000 Uncommon trap: reason=null_check action=make_not_entrant pc=0x0000000002ecc2d0 method=org.codehaus.groovy.reflection.ReflectionCache.autoboxType(Ljava/lang/Class;)Ljava/lang/Class; @ 9
Event: 1226.862 Thread 0x0000000008fac000 Uncommon trap: reason=unreached action=reinterpret pc=0x0000000002cd8a78 method=org.codehaus.groovy.util.LazyReference.get()Ljava/lang/Object; @ 33

Internal exceptions (10 events):
Event: 1448.055 Thread 0x0000000008fac000 Threw 0x00000000f25da890 at C:\re\jdk7u79\2331\hotspot\src\share\vm\prims\jvm.cpp:1304
Event: 1448.055 Thread 0x0000000008fac000 Threw 0x00000000f25dc810 at C:\re\jdk7u79\2331\hotspot\src\share\vm\prims\jvm.cpp:1304
Event: 1448.055 Thread 0x0000000008fac000 Threw 0x00000000f25de790 at C:\re\jdk7u79\2331\hotspot\src\share\vm\prims\jvm.cpp:1304
Event: 1448.055 Thread 0x0000000008fac000 Threw 0x00000000f25e0728 at C:\re\jdk7u79\2331\hotspot\src\share\vm\prims\jvm.cpp:1304
Event: 1448.055 Thread 0x0000000008fac000 Threw 0x00000000f25e2728 at C:\re\jdk7u79\2331\hotspot\src\share\vm\prims\jvm.cpp:1304
Event: 1448.056 Thread 0x0000000008fac000 Threw 0x00000000f25e4728 at C:\re\jdk7u79\2331\hotspot\src\share\vm\prims\jvm.cpp:1304
Event: 1448.056 Thread 0x0000000008fac000 Threw 0x00000000f25e5450 at C:\re\jdk7u79\2331\hotspot\src\share\vm\prims\jvm.cpp:1304
Event: 1448.056 Thread 0x0000000008fac000 Threw 0x00000000f25e60c8 at C:\re\jdk7u79\2331\hotspot\src\share\vm\prims\jvm.cpp:1304
Event: 1448.056 Thread 0x0000000008fac000 Threw 0x00000000f25e6d40 at C:\re\jdk7u79\2331\hotspot\src\share\vm\prims\jvm.cpp:1304
Event: 1448.056 Thread 0x0000000008fac000 Threw 0x00000000f25e79b8 at C:\re\jdk7u79\2331\hotspot\src\share\vm\prims\jvm.cpp:1304

Events (10 events):
Event: 1446.923 loading class 0x000000000b584c00
Event: 1446.923 loading class 0x000000000b584c00 done
Event: 1446.924 loading class 0x000000000b584c00
Event: 1446.924 loading class 0x000000000b584c00 done
Event: 1446.924 loading class 0x000000000b584c00
Event: 1446.924 loading class 0x000000000b584c00 done
Event: 1446.925 loading class 0x000000000b58b0a0
Event: 1446.925 loading class 0x000000000b58b0a0 done
Event: 1446.926 loading class 0x000000000db3b770
Event: 1446.926 loading class 0x000000000db3b770 done


Dynamic libraries:
0x00007ff638760000 - 0x00007ff638793000 	C:\Program Files\Java\jdk1.7.0_79\bin\java.exe
0x00007ffb6fff0000 - 0x00007ffb7019d000 	C:\Windows\SYSTEM32\ntdll.dll
0x00007ffb6f2f0000 - 0x00007ffb6f42e000 	C:\Windows\system32\KERNEL32.DLL
0x00007ffb6d550000 - 0x00007ffb6d665000 	C:\Windows\system32\KERNELBASE.dll
0x00007ffb6bab0000 - 0x00007ffb6bb3e000 	C:\Windows\system32\apphelp.dll
0x00007ffb5bc60000 - 0x00007ffb5bcb3000 	C:\Windows\AppPatch\AppPatch64\AcGenral.DLL
0x00007ffb6d810000 - 0x00007ffb6d8ba000 	C:\Windows\system32\msvcrt.dll
0x00007ffb6cf10000 - 0x00007ffb6cf3e000 	C:\Windows\SYSTEM32\SspiCli.dll
0x00007ffb6da70000 - 0x00007ffb6dac4000 	C:\Windows\system32\SHLWAPI.dll
0x00007ffb6f8e0000 - 0x00007ffb6fa57000 	C:\Windows\system32\USER32.dll
0x00007ffb6d670000 - 0x00007ffb6d804000 	C:\Windows\system32\ole32.dll
0x00007ffb6dba0000 - 0x00007ffb6f0ca000 	C:\Windows\system32\SHELL32.dll
0x00007ffb6c6e0000 - 0x00007ffb6c701000 	C:\Windows\SYSTEM32\USERENV.dll
0x00007ffb6f7d0000 - 0x00007ffb6f87a000 	C:\Windows\system32\ADVAPI32.dll
0x00007ffb612b0000 - 0x00007ffb612ce000 	C:\Windows\SYSTEM32\MPR.dll
0x00007ffb6fce0000 - 0x00007ffb6fe21000 	C:\Windows\system32\RPCRT4.dll
0x00007ffb6fc80000 - 0x00007ffb6fcd9000 	C:\Windows\SYSTEM32\sechost.dll
0x00007ffb6fa60000 - 0x00007ffb6fc71000 	C:\Windows\SYSTEM32\combase.dll
0x00007ffb6d8c0000 - 0x00007ffb6da10000 	C:\Windows\system32\GDI32.dll
0x00007ffb6d140000 - 0x00007ffb6d155000 	C:\Windows\SYSTEM32\profapi.dll
0x00007ffb6b070000 - 0x00007ffb6b122000 	C:\Windows\SYSTEM32\SHCORE.dll
0x00007ffb6f0e0000 - 0x00007ffb6f116000 	C:\Windows\system32\IMM32.DLL
0x00007ffb6f120000 - 0x00007ffb6f272000 	C:\Windows\system32\MSCTF.dll
0x00007ffb69ef0000 - 0x00007ffb6a16b000 	C:\Windows\WinSxS\amd64_microsoft.windows.common-controls_6595b64144ccf1df_6.0.9600.18006_none_623f33d3ecbe86e8\COMCTL32.dll
0x0000000053440000 - 0x0000000053512000 	C:\Program Files\Java\jdk1.7.0_79\jre\bin\msvcr100.dll
0x00000000538d0000 - 0x00000000540a5000 	C:\Program Files\Java\jdk1.7.0_79\jre\bin\server\jvm.dll
0x00007ffb67d80000 - 0x00007ffb67d89000 	C:\Windows\SYSTEM32\WSOCK32.dll
0x00007ffb69b90000 - 0x00007ffb69bb2000 	C:\Windows\SYSTEM32\WINMM.dll
0x00007ffb6f5e0000 - 0x00007ffb6f5e7000 	C:\Windows\system32\PSAPI.DLL
0x00007ffb6da10000 - 0x00007ffb6da6a000 	C:\Windows\system32\WS2_32.dll
0x00007ffb695f0000 - 0x00007ffb6961a000 	C:\Windows\SYSTEM32\WINMMBASE.dll
0x00007ffb6dad0000 - 0x00007ffb6dad9000 	C:\Windows\system32\NSI.dll
0x00007ffb6d500000 - 0x00007ffb6d54f000 	C:\Windows\SYSTEM32\cfgmgr32.dll
0x00007ffb6bdf0000 - 0x00007ffb6be18000 	C:\Windows\SYSTEM32\DEVOBJ.dll
0x00000000538c0000 - 0x00000000538cf000 	C:\Program Files\Java\jdk1.7.0_79\jre\bin\verify.dll
0x0000000053890000 - 0x00000000538b8000 	C:\Program Files\Java\jdk1.7.0_79\jre\bin\java.dll
0x0000000053870000 - 0x0000000053885000 	C:\Program Files\Java\jdk1.7.0_79\jre\bin\zip.dll
0x0000000053850000 - 0x000000005386a000 	C:\Program Files\Java\jdk1.7.0_79\jre\bin\net.dll
0x00007ffb6c950000 - 0x00007ffb6c9a9000 	C:\Windows\system32\mswsock.dll
0x0000000053830000 - 0x0000000053841000 	C:\Program Files\Java\jdk1.7.0_79\jre\bin\nio.dll
0x00007ffb5c650000 - 0x00007ffb5c662000 	C:\Users\ahmed\.gradle\native\19\windows-amd64\native-platform.dll
0x00007ffb68b50000 - 0x00007ffb68b7a000 	C:\Windows\SYSTEM32\IPHLPAPI.DLL
0x00007ffb68b30000 - 0x00007ffb68b3a000 	C:\Windows\SYSTEM32\WINNSI.DLL
0x00007ffb688e0000 - 0x00007ffb688f6000 	C:\Windows\SYSTEM32\dhcpcsvc6.DLL
0x00007ffb688c0000 - 0x00007ffb688da000 	C:\Windows\SYSTEM32\dhcpcsvc.DLL
0x00007ffb6c9b0000 - 0x00007ffb6c9d0000 	C:\Windows\SYSTEM32\CRYPTSP.dll
0x00007ffb6c5d0000 - 0x00007ffb6c606000 	C:\Windows\system32\rsaenh.dll
0x00007ffb6cc00000 - 0x00007ffb6cc26000 	C:\Windows\SYSTEM32\bcrypt.dll
0x00007ffb6cf40000 - 0x00007ffb6cfa3000 	C:\Windows\system32\bcryptprimitives.dll
0x00007ffb6cfb0000 - 0x00007ffb6cfbb000 	C:\Windows\SYSTEM32\CRYPTBASE.dll
0x0000000053630000 - 0x000000005363b000 	C:\Program Files\Java\jdk1.7.0_79\jre\bin\management.dll
0x0000000053560000 - 0x0000000053584000 	C:\Program Files\Java\jdk1.7.0_79\jre\bin\sunec.dll
0x0000000053550000 - 0x000000005355b000 	C:\Program Files\Java\jdk1.7.0_79\jre\bin\sunmscapi.dll
0x00007ffb6d320000 - 0x00007ffb6d4ff000 	C:\Windows\system32\CRYPT32.dll
0x00007ffb6d1f0000 - 0x00007ffb6d201000 	C:\Windows\system32\MSASN1.dll
0x00007ffb6c750000 - 0x00007ffb6c7f4000 	C:\Windows\SYSTEM32\DNSAPI.dll
0x00007ffb64af0000 - 0x00007ffb64afa000 	C:\Windows\System32\rasadhlp.dll
0x00007ffb689c0000 - 0x00007ffb68a2b000 	C:\Windows\System32\fwpuclnt.dll
0x00007ffb645a0000 - 0x00007ffb645b5000 	C:\Windows\system32\napinsp.dll
0x00007ffb645c0000 - 0x00007ffb645da000 	C:\Windows\system32\pnrpnsp.dll
0x00007ffb68eb0000 - 0x00007ffb68ecb000 	C:\Windows\system32\NLAapi.dll
0x00007ffb645e0000 - 0x00007ffb645ed000 	C:\Windows\System32\winrnr.dll
0x00007ffb645f0000 - 0x00007ffb64604000 	C:\Windows\system32\wshbth.dll

VM Arguments:
jvm_args: -XX:MaxPermSize=256m -XX:+HeapDumpOnOutOfMemoryError -Xmx1024m -Dfile.encoding=windows-1252 -Duser.country=US -Duser.language=en -Duser.variant 
java_command: org.gradle.launcher.daemon.bootstrap.GradleDaemon 2.4 C:\Users\ahmed\.gradle C:\Users\ahmed\.gradle\daemon 10800000 ed738a4c-804f-4e9b-a760-484a914e41b3 -XX:MaxPermSize=256m -XX:+HeapDumpOnOutOfMemoryError -Xmx1024m -Dfile.encoding=windows-1252 -Duser.country=US -Duser.language=en -Duser.variant
Launcher Type: SUN_STANDARD

Environment Variables:
JAVA_HOME=C:\Program Files (x86)\Java\jdk1.7.0_79
PATH=C:\Windows\system32;C:\Windows;C:\Windows\System32\Wbem;C:\Windows\System32\WindowsPowerShell\v1.0\;C:\Program Files\Java\jdk1.7.0_79\bin;C:\Program Files\TortoiseSVN\bin;C:\Program Files (x86)\GtkSharp\2.12\bin;C:\Program Files (x86)\Skype\Phone\;C:\Program Files\Java\jre7\bin;C:\Program Files (x86)\Java\jdk1.7.0_79\bin;C:\Program Files (x86)\Java\jre7\bin
USERNAME=ahmed
OS=Windows_NT
PROCESSOR_IDENTIFIER=Intel64 Family 6 Model 42 Stepping 7, GenuineIntel



---------------  S Y S T E M  ---------------

OS: Windows 8.1 , 64 bit Build 9600 

CPU:total 4 (2 cores per cpu, 2 threads per core) family 6 model 42 stepping 7, cmov, cx8, fxsr, mmx, sse, sse2, sse3, ssse3, sse4.1, sse4.2, popcnt, avx, aes, ht, tsc, tscinvbit

Memory: 4k page, physical 8293548k(686396k free), swap 10908752k(4956k free)

vm_info: Java HotSpot(TM) 64-Bit Server VM (24.79-b02) for windows-amd64 JRE (1.7.0_79-b15), built on Apr 10 2015 12:36:16 by "java_re" with unknown MS VC++:1600

time: Wed Mar 09 21:01:27 2016
elapsed time: 1448 seconds

